Using pre-set license
Built from '2022.3/release' branch; Version is '2022.3.5f1 (9674261d40ee) revision 9860134'; Using compiler version '192829333'; Build Type 'Release'
OS: 'Windows 11  (10.0.22621) 64bit Core' Language: 'en' Physical Memory: 8112 MB
BatchMode: 1, IsHumanControllingUs: 0, StartBugReporterOnCrash: 0, Is64bit: 1, IsPro: 1

COMMAND LINE ARGUMENTS:
C:\Program Files\Unity\Hub\Editor\2022.3.5f1\Editor\Unity.exe
-adb2
-batchMode
-noUpm
-name
AssetImportWorker4
-projectPath
C:/Users/sfanz/OneDrive/Documents/Git Hub/mod3-cardgames-sfanzalone
-logFile
Logs/AssetImportWorker4.log
-srvPort
59530
Successfully changed project path to: C:/Users/sfanz/OneDrive/Documents/Git Hub/mod3-cardgames-sfanzalone
C:/Users/sfanz/OneDrive/Documents/Git Hub/mod3-cardgames-sfanzalone
[UnityMemory] Configuration Parameters - Can be set up in boot.config
    "memorysetup-bucket-allocator-granularity=16"
    "memorysetup-bucket-allocator-bucket-count=8"
    "memorysetup-bucket-allocator-block-size=33554432"
    "memorysetup-bucket-allocator-block-count=8"
    "memorysetup-main-allocator-block-size=16777216"
    "memorysetup-thread-allocator-block-size=16777216"
    "memorysetup-gfx-main-allocator-block-size=16777216"
    "memorysetup-gfx-thread-allocator-block-size=16777216"
    "memorysetup-cache-allocator-block-size=4194304"
    "memorysetup-typetree-allocator-block-size=2097152"
    "memorysetup-profiler-bucket-allocator-granularity=16"
    "memorysetup-profiler-bucket-allocator-bucket-count=8"
    "memorysetup-profiler-bucket-allocator-block-size=33554432"
    "memorysetup-profiler-bucket-allocator-block-count=8"
    "memorysetup-profiler-allocator-block-size=16777216"
    "memorysetup-profiler-editor-allocator-block-size=1048576"
    "memorysetup-temp-allocator-size-main=16777216"
    "memorysetup-job-temp-allocator-block-size=2097152"
    "memorysetup-job-temp-allocator-block-size-background=1048576"
    "memorysetup-job-temp-allocator-reduction-small-platforms=262144"
    "memorysetup-allocator-temp-initial-block-size-main=262144"
    "memorysetup-allocator-temp-initial-block-size-worker=262144"
    "memorysetup-temp-allocator-size-background-worker=32768"
    "memorysetup-temp-allocator-size-job-worker=262144"
    "memorysetup-temp-allocator-size-preload-manager=33554432"
    "memorysetup-temp-allocator-size-nav-mesh-worker=65536"
    "memorysetup-temp-allocator-size-audio-worker=65536"
    "memorysetup-temp-allocator-size-cloud-worker=32768"
    "memorysetup-temp-allocator-size-gi-baking-worker=262144"
    "memorysetup-temp-allocator-size-gfx=262144"
Player connection [22856] Host "[IP] 192.168.12.179 [Port] 0 [Flags] 2 [Guid] 2569060721 [EditorId] 2569060721 [Version] 1048832 [Id] WindowsEditor(7,Salvatore-Laptop) [Debug] 1 [PackageName] WindowsEditor [ProjectName] Editor" joined multi-casting on [225.0.0.222:54997]...

Player connection [22856] Host "[IP] 192.168.12.179 [Port] 0 [Flags] 2 [Guid] 2569060721 [EditorId] 2569060721 [Version] 1048832 [Id] WindowsEditor(7,Salvatore-Laptop) [Debug] 1 [PackageName] WindowsEditor [ProjectName] Editor" joined alternative multi-casting on [225.0.0.222:34997]...

Refreshing native plugins compatible for Editor in 18.18 ms, found 2 plugins.
Preloading 0 native plugins for Editor in 0.00 ms.
Initialize engine version: 2022.3.5f1 (9674261d40ee)
[Subsystems] Discovering subsystems at path C:/Program Files/Unity/Hub/Editor/2022.3.5f1/Editor/Data/Resources/UnitySubsystems
[Subsystems] Discovering subsystems at path C:/Users/sfanz/OneDrive/Documents/Git Hub/mod3-cardgames-sfanzalone/Assets
GfxDevice: creating device client; threaded=0; jobified=0
Direct3D:
    Version:  Direct3D 11.0 [level 11.1]
    Renderer: NVIDIA GeForce GTX 1650 (ID=0x1f91)
    Vendor:   NVIDIA
    VRAM:     3962 MB
    Driver:   27.21.14.5749
Initialize mono
Mono path[0] = 'C:/Program Files/Unity/Hub/Editor/2022.3.5f1/Editor/Data/Managed'
Mono path[1] = 'C:/Program Files/Unity/Hub/Editor/2022.3.5f1/Editor/Data/MonoBleedingEdge/lib/mono/unityjit-win32'
Mono config path = 'C:/Program Files/Unity/Hub/Editor/2022.3.5f1/Editor/Data/MonoBleedingEdge/etc'
Using monoOptions --debugger-agent=transport=dt_socket,embedding=1,server=y,suspend=n,address=127.0.0.1:56368
Begin MonoManager ReloadAssembly
Registering precompiled unity dll's ...
Register platform support module: C:/Program Files/Unity/Hub/Editor/2022.3.5f1/Editor/Data/PlaybackEngines/WebGLSupport/UnityEditor.WebGL.Extensions.dll
Register platform support module: C:/Program Files/Unity/Hub/Editor/2022.3.5f1/Editor/Data/PlaybackEngines/WindowsStandaloneSupport/UnityEditor.WindowsStandalone.Extensions.dll
Registered in 0.009011 seconds.
- Loaded All Assemblies, in  0.443 seconds
Native extension for WindowsStandalone target not found
Native extension for WebGL target not found
Mono: successfully reloaded assembly
- Finished resetting the current domain, in  0.270 seconds
Domain Reload Profiling: 708ms
	BeginReloadAssembly (161ms)
		ExecutionOrderSort (0ms)
		DisableScriptedObjects (0ms)
		BackupInstance (0ms)
		ReleaseScriptingObjects (0ms)
		CreateAndSetChildDomain (1ms)
	RebuildCommonClasses (39ms)
	RebuildNativeTypeToScriptingClass (11ms)
	initialDomainReloadingComplete (67ms)
	LoadAllAssembliesAndSetupDomain (158ms)
		LoadAssemblies (156ms)
		RebuildTransferFunctionScriptingTraits (0ms)
		AnalyzeDomain (146ms)
			TypeCache.Refresh (145ms)
				TypeCache.ScanAssembly (131ms)
			ScanForSourceGeneratedMonoScriptInfo (0ms)
			ResolveRequiredComponents (0ms)
	FinalizeReload (271ms)
		ReleaseScriptCaches (0ms)
		RebuildScriptCaches (0ms)
		SetupLoadedEditorAssemblies (210ms)
			LogAssemblyErrors (0ms)
			InitializePlatformSupportModulesInManaged (12ms)
			SetLoadedEditorAssemblies (6ms)
			RefreshPlugins (0ms)
			BeforeProcessingInitializeOnLoad (2ms)
			ProcessInitializeOnLoadAttributes (143ms)
			ProcessInitializeOnLoadMethodAttributes (47ms)
			AfterProcessingInitializeOnLoad (0ms)
			EditorAssembliesLoaded (0ms)
		ExecutionOrderSort2 (0ms)
		AwakeInstancesAfterBackupRestoration (0ms)
========================================================================
Worker process is ready to serve import requests
Begin MonoManager ReloadAssembly
- Loaded All Assemblies, in  0.693 seconds
Refreshing native plugins compatible for Editor in 4.08 ms, found 2 plugins.
Native extension for WindowsStandalone target not found
Native extension for WebGL target not found
Package Manager log level set to [2]
[Package Manager] Server::EnsureServerProcessIsRunning -- launch failed, reason: Unity was launched with the -noUpm command-line argument
[Package Manager] UpmClient::Send -- Unable to send message (not connected to UPM process).
[Package Manager] Cannot connect to Unity Package Manager local server
Mono: successfully reloaded assembly
- Finished resetting the current domain, in  0.696 seconds
Domain Reload Profiling: 1383ms
	BeginReloadAssembly (137ms)
		ExecutionOrderSort (0ms)
		DisableScriptedObjects (6ms)
		BackupInstance (0ms)
		ReleaseScriptingObjects (0ms)
		CreateAndSetChildDomain (19ms)
	RebuildCommonClasses (34ms)
	RebuildNativeTypeToScriptingClass (11ms)
	initialDomainReloadingComplete (48ms)
	LoadAllAssembliesAndSetupDomain (457ms)
		LoadAssemblies (319ms)
		RebuildTransferFunctionScriptingTraits (0ms)
		AnalyzeDomain (197ms)
			TypeCache.Refresh (187ms)
				TypeCache.ScanAssembly (175ms)
			ScanForSourceGeneratedMonoScriptInfo (8ms)
			ResolveRequiredComponents (2ms)
	FinalizeReload (697ms)
		ReleaseScriptCaches (0ms)
		RebuildScriptCaches (0ms)
		SetupLoadedEditorAssemblies (557ms)
			LogAssemblyErrors (0ms)
			InitializePlatformSupportModulesInManaged (7ms)
			SetLoadedEditorAssemblies (4ms)
			RefreshPlugins (0ms)
			BeforeProcessingInitializeOnLoad (51ms)
			ProcessInitializeOnLoadAttributes (463ms)
			ProcessInitializeOnLoadMethodAttributes (18ms)
			AfterProcessingInitializeOnLoad (14ms)
			EditorAssembliesLoaded (0ms)
		ExecutionOrderSort2 (0ms)
		AwakeInstancesAfterBackupRestoration (6ms)
Launched and connected shader compiler UnityShaderCompiler.exe after 0.06 seconds
Refreshing native plugins compatible for Editor in 4.03 ms, found 2 plugins.
Preloading 0 native plugins for Editor in 0.00 ms.
Unloading 1410 Unused Serialized files (Serialized files now loaded: 0)
Unloading 21 unused Assets / (53.2 KB). Loaded Objects now: 1882.
Memory consumption went from 78.1 MB to 78.1 MB.
Total: 3.188500 ms (FindLiveObjects: 0.125400 ms CreateObjectMapping: 0.050100 ms MarkObjects: 2.940400 ms  DeleteObjects: 0.071900 ms)

AssetImportParameters requested are different than current active one (requested -> active):
  custom:scripting/monoscript/fileName/Deck02.cs: e243a42c075c65ac07485da234f1aad3 -> df396a88cac14245c45bc1a8e101d8d4
  custom:video-encoder-webm-vp8: eb34c28f22e8b96e1ab97ce403110664 -> 
  custom:video-decoder-webm-vp8: 9c59270c3fd7afecdb556c50c9e8de78 -> 
  custom:audio-decoder-ogg-vorbis: bf7c407c2cedff20999df2af8eb42d56 -> 
  custom:SearchIndexIgnoredProperties: e643bd26f0fe6173181afceb89e7c659 -> 
  custom:container-demuxer-ogg: 62fdf1f143b41e24485cea50d1cbac27 -> 
  custom:AudioImporter_EditorPlatform: d09bf68614088b80899f8185d706f6e7 -> 
  custom:CustomObjectIndexerAttribute: 756ad292c208cfabdd7b50bc23989ffe -> 
  custom:container-demuxer-webm: 4f35f7cbe854078d1ac9338744f61a02 -> 
  custom:scripting/monoscript/fileName/ScoreManager02.cs: be926a2aeb93809ff861b8f2008d5b5b -> 18b69b07acbfbd4d6d509bd96f6c6dba
  custom:video-codec-MediaFoundation-h265: 746d11721c4dcdbdad8f713fa42b33f4 -> 
  custom:scripting/monoscript/fileName/Utils02.cs: 282eb73c5e8e6bb53f6af0c1e457ac1f -> 337bd648eac8c4e9ef456a0a538d70c7
  custom:video-decoder-ogg-theora: a1e56fd34408186e4bbccfd4996cb3dc -> 
  custom:scripting/monoscript/fileName/FloatingScore02.cs: 56e6caaa90eba9fc03674672c18cf010 -> 4063d541676757b8980bfbe3f43de3b7
  custom:audio-encoder-webm-vorbis: bf7c407c2cedff20999df2af8eb42d56 -> 
  custom:framework-win-MediaFoundation: 216162199b28c13a410421893ffa2e32 -> 
  custom:scripting/monoscript/fileName/Scoreboard02.cs: a2e65975c1e2b4240a5f7f1e4c844cbc -> 0a665c044dc90dd6a090b4657c7a7c3c
  custom:scripting/monoscript/fileName/PT_XMLReader02.cs: 6c01fca99d1f2ee6e288ceae79f33cf2 -> a68d1fd18dca06977eb7e26f56e9fd32
  custom:scripting/monoscript/fileName/Card02.cs: d786f644a104883c7c77d5b8e697e725 -> a650a257ea17f331a0a7780ce5e71d15
  custom:container-muxer-webm: aa71ff27fc2769a1b78a27578f13a17b -> 
========================================================================
Received Import Request.
  Time since last request: 344844.405517 seconds.
  path: Assets/01-Prospector/__Scripts/Utils01.cs
  artifactKey: Guid(c78e537984e8e4215a5293992c3edd35) Importer(815301076,1909f56bfc062723c751e8b465ee728b)
Start importing Assets/01-Prospector/__Scripts/Utils01.cs using Guid(c78e537984e8e4215a5293992c3edd35) Importer(815301076,1909f56bfc062723c751e8b465ee728b)  -> (artifact id: 'c4e361598057c6fcd647fe6339fb3a50') in 0.002838 seconds
Number of updated asset objects reloaded before import = 0
Number of asset objects unloaded after import = 0
========================================================================
Received Import Request.
  Time since last request: 1.013532 seconds.
  path: Assets/01-Prospector/__Scripts/Utils01.cs
  artifactKey: Guid(c78e537984e8e4215a5293992c3edd35) Importer(2089858483,0ecaa5967403d082aa24f35e1b516d23)
Start importing Assets/01-Prospector/__Scripts/Utils01.cs using Guid(c78e537984e8e4215a5293992c3edd35) Importer(2089858483,0ecaa5967403d082aa24f35e1b516d23) Generated GUIDs only implemented for interfaces!
 -> (artifact id: 'e61525f05141cb0020ee91f4199d8195') in 0.081077 seconds
Number of updated asset objects reloaded before import = 0
Number of asset objects unloaded after import = 1
========================================================================
Received Import Request.
  Time since last request: 15.804191 seconds.
  path: Assets/01-Prospector/__Scripts/Utils01.cs
  artifactKey: Guid(c78e537984e8e4215a5293992c3edd35) Importer(815301076,1909f56bfc062723c751e8b465ee728b)
Start importing Assets/01-Prospector/__Scripts/Utils01.cs using Guid(c78e537984e8e4215a5293992c3edd35) Importer(815301076,1909f56bfc062723c751e8b465ee728b)  -> (artifact id: 'd784eefc6eb4f12b82993fcc3ebef399') in 0.000571 seconds
Number of updated asset objects reloaded before import = 0
Number of asset objects unloaded after import = 0
========================================================================
Received Import Request.
  Time since last request: 1.029520 seconds.
  path: Assets/01-Prospector/__Scripts/Utils01.cs
  artifactKey: Guid(c78e537984e8e4215a5293992c3edd35) Importer(2089858483,0ecaa5967403d082aa24f35e1b516d23)
Start importing Assets/01-Prospector/__Scripts/Utils01.cs using Guid(c78e537984e8e4215a5293992c3edd35) Importer(2089858483,0ecaa5967403d082aa24f35e1b516d23) Generated GUIDs only implemented for interfaces!
 -> (artifact id: '0dc452763d6c2ebe84f4d318fe9f50cb') in 0.005483 seconds
Number of updated asset objects reloaded before import = 0
Number of asset objects unloaded after import = 1
========================================================================
Received Import Request.
  Time since last request: 27.585088 seconds.
  path: Assets/01-Prospector/__Scripts/Utils01.cs
  artifactKey: Guid(c78e537984e8e4215a5293992c3edd35) Importer(815301076,1909f56bfc062723c751e8b465ee728b)
Start importing Assets/01-Prospector/__Scripts/Utils01.cs using Guid(c78e537984e8e4215a5293992c3edd35) Importer(815301076,1909f56bfc062723c751e8b465ee728b)  -> (artifact id: '7d0d0c398e1f2090089ba9474936b401') in 0.000549 seconds
Number of updated asset objects reloaded before import = 0
Number of asset objects unloaded after import = 0
========================================================================
Received Import Request.
  Time since last request: 0.990310 seconds.
  path: Assets/01-Prospector/__Scripts/Utils01.cs
  artifactKey: Guid(c78e537984e8e4215a5293992c3edd35) Importer(2089858483,0ecaa5967403d082aa24f35e1b516d23)
Start importing Assets/01-Prospector/__Scripts/Utils01.cs using Guid(c78e537984e8e4215a5293992c3edd35) Importer(2089858483,0ecaa5967403d082aa24f35e1b516d23) Generated GUIDs only implemented for interfaces!
 -> (artifact id: 'cc6ece433049e32ae1cf4c2fe498c310') in 0.007166 seconds
Number of updated asset objects reloaded before import = 0
Number of asset objects unloaded after import = 1
========================================================================
Received Import Request.
  Time since last request: 16.959296 seconds.
  path: Assets/01-Prospector/__Scripts/Utils01.cs
  artifactKey: Guid(c78e537984e8e4215a5293992c3edd35) Importer(815301076,1909f56bfc062723c751e8b465ee728b)
Start importing Assets/01-Prospector/__Scripts/Utils01.cs using Guid(c78e537984e8e4215a5293992c3edd35) Importer(815301076,1909f56bfc062723c751e8b465ee728b)  -> (artifact id: 'b3d70d131aa59442b2447254eed37434') in 0.000635 seconds
Number of updated asset objects reloaded before import = 0
Number of asset objects unloaded after import = 0
========================================================================
Received Import Request.
  Time since last request: 1.032298 seconds.
  path: Assets/01-Prospector/__Scripts/Utils01.cs
  artifactKey: Guid(c78e537984e8e4215a5293992c3edd35) Importer(2089858483,0ecaa5967403d082aa24f35e1b516d23)
Start importing Assets/01-Prospector/__Scripts/Utils01.cs using Guid(c78e537984e8e4215a5293992c3edd35) Importer(2089858483,0ecaa5967403d082aa24f35e1b516d23) Generated GUIDs only implemented for interfaces!
 -> (artifact id: '877083c2e7d960f2be187e14e380df67') in 0.008019 seconds
Number of updated asset objects reloaded before import = 0
Number of asset objects unloaded after import = 1
========================================================================
Received Import Request.
  Time since last request: 16.785577 seconds.
  path: Assets/01-Prospector/__Scripts/Utils01.cs
  artifactKey: Guid(c78e537984e8e4215a5293992c3edd35) Importer(815301076,1909f56bfc062723c751e8b465ee728b)
Start importing Assets/01-Prospector/__Scripts/Utils01.cs using Guid(c78e537984e8e4215a5293992c3edd35) Importer(815301076,1909f56bfc062723c751e8b465ee728b)  -> (artifact id: '5cdcccec3f34e3902c40011002a17321') in 0.000797 seconds
Number of updated asset objects reloaded before import = 0
Number of asset objects unloaded after import = 0
========================================================================
Received Import Request.
  Time since last request: 1.390706 seconds.
  path: Assets/01-Prospector/__Scripts/Utils01.cs
  artifactKey: Guid(c78e537984e8e4215a5293992c3edd35) Importer(2089858483,0ecaa5967403d082aa24f35e1b516d23)
Start importing Assets/01-Prospector/__Scripts/Utils01.cs using Guid(c78e537984e8e4215a5293992c3edd35) Importer(2089858483,0ecaa5967403d082aa24f35e1b516d23) Generated GUIDs only implemented for interfaces!
 -> (artifact id: '1fb90b353093dc0527ad51106fb5b049') in 0.006639 seconds
Number of updated asset objects reloaded before import = 0
Number of asset objects unloaded after import = 1
========================================================================
Received Import Request.
  Time since last request: 30.082293 seconds.
  path: Assets/01-Prospector/__Scripts/Utils01.cs
  artifactKey: Guid(c78e537984e8e4215a5293992c3edd35) Importer(815301076,1909f56bfc062723c751e8b465ee728b)
Start importing Assets/01-Prospector/__Scripts/Utils01.cs using Guid(c78e537984e8e4215a5293992c3edd35) Importer(815301076,1909f56bfc062723c751e8b465ee728b)  -> (artifact id: 'e1ba6c14b2fbf1b4ce8214d4c8ce7b0c') in 0.000638 seconds
Number of updated asset objects reloaded before import = 0
Number of asset objects unloaded after import = 0
========================================================================
Received Import Request.
  Time since last request: 1.242413 seconds.
  path: Assets/01-Prospector/__Scripts/Utils01.cs
  artifactKey: Guid(c78e537984e8e4215a5293992c3edd35) Importer(2089858483,0ecaa5967403d082aa24f35e1b516d23)
Start importing Assets/01-Prospector/__Scripts/Utils01.cs using Guid(c78e537984e8e4215a5293992c3edd35) Importer(2089858483,0ecaa5967403d082aa24f35e1b516d23) Generated GUIDs only implemented for interfaces!
 -> (artifact id: '9434a670877137bf9eee6246c7fc3aa2') in 0.009254 seconds
Number of updated asset objects reloaded before import = 0
Number of asset objects unloaded after import = 1
========================================================================
Received Import Request.
  Time since last request: 33.430132 seconds.
  path: Assets/01-Prospector/__Scripts/Utils01.cs
  artifactKey: Guid(c78e537984e8e4215a5293992c3edd35) Importer(815301076,1909f56bfc062723c751e8b465ee728b)
Start importing Assets/01-Prospector/__Scripts/Utils01.cs using Guid(c78e537984e8e4215a5293992c3edd35) Importer(815301076,1909f56bfc062723c751e8b465ee728b)  -> (artifact id: '176f9c6d8a1e7c4f1c9d544ca2b071fc') in 0.000588 seconds
Number of updated asset objects reloaded before import = 0
Number of asset objects unloaded after import = 0
========================================================================
Received Import Request.
  Time since last request: 1.188247 seconds.
  path: Assets/01-Prospector/__Scripts/Utils01.cs
  artifactKey: Guid(c78e537984e8e4215a5293992c3edd35) Importer(2089858483,0ecaa5967403d082aa24f35e1b516d23)
Start importing Assets/01-Prospector/__Scripts/Utils01.cs using Guid(c78e537984e8e4215a5293992c3edd35) Importer(2089858483,0ecaa5967403d082aa24f35e1b516d23) Generated GUIDs only implemented for interfaces!
 -> (artifact id: 'a75426386b7158f80350695cc996feb3') in 0.011407 seconds
Number of updated asset objects reloaded before import = 0
Number of asset objects unloaded after import = 1
========================================================================
Received Import Request.
  Time since last request: 38.368975 seconds.
  path: Assets/01-Prospector/__Scripts/Utils01.cs
  artifactKey: Guid(c78e537984e8e4215a5293992c3edd35) Importer(815301076,1909f56bfc062723c751e8b465ee728b)
Start importing Assets/01-Prospector/__Scripts/Utils01.cs using Guid(c78e537984e8e4215a5293992c3edd35) Importer(815301076,1909f56bfc062723c751e8b465ee728b)  -> (artifact id: '302a0117cef7e9ad8cb061f1db3e5249') in 0.000574 seconds
Number of updated asset objects reloaded before import = 0
Number of asset objects unloaded after import = 0
========================================================================
Received Import Request.
  Time since last request: 1.016659 seconds.
  path: Assets/01-Prospector/__Scripts/Utils01.cs
  artifactKey: Guid(c78e537984e8e4215a5293992c3edd35) Importer(2089858483,0ecaa5967403d082aa24f35e1b516d23)
Start importing Assets/01-Prospector/__Scripts/Utils01.cs using Guid(c78e537984e8e4215a5293992c3edd35) Importer(2089858483,0ecaa5967403d082aa24f35e1b516d23) Generated GUIDs only implemented for interfaces!
 -> (artifact id: 'd00b409f88a7609c3b4b81b5d9571b34') in 0.007948 seconds
Number of updated asset objects reloaded before import = 0
Number of asset objects unloaded after import = 1
========================================================================
Received Import Request.
  Time since last request: 33.636908 seconds.
  path: Assets/01-Prospector/__Scripts/PT_XMLReader01.cs
  artifactKey: Guid(d7ae3889c7be74b4e9dd156dd6318db4) Importer(2089858483,0ecaa5967403d082aa24f35e1b516d23)
Start importing Assets/01-Prospector/__Scripts/PT_XMLReader01.cs using Guid(d7ae3889c7be74b4e9dd156dd6318db4) Importer(2089858483,0ecaa5967403d082aa24f35e1b516d23) Generated GUIDs only implemented for interfaces!
 -> (artifact id: 'be18f007de4ffaa2f4871da32f22c166') in 0.006431 seconds
Number of updated asset objects reloaded before import = 0
Number of asset objects unloaded after import = 1
========================================================================
Received Prepare
Begin MonoManager ReloadAssembly
- Loaded All Assemblies, in  0.737 seconds
Refreshing native plugins compatible for Editor in 5.03 ms, found 2 plugins.
Native extension for WindowsStandalone target not found
Native extension for WebGL target not found
[Package Manager] Server::EnsureServerProcessIsRunning -- launch failed, reason: Unity was launched with the -noUpm command-line argument
[Package Manager] UpmClient::Send -- Unable to send message (not connected to UPM process).
[Package Manager] Cannot connect to Unity Package Manager local server
Mono: successfully reloaded assembly
- Finished resetting the current domain, in  1.063 seconds
Domain Reload Profiling: 1791ms
	BeginReloadAssembly (208ms)
		ExecutionOrderSort (0ms)
		DisableScriptedObjects (8ms)
		BackupInstance (0ms)
		ReleaseScriptingObjects (0ms)
		CreateAndSetChildDomain (51ms)
	RebuildCommonClasses (41ms)
	RebuildNativeTypeToScriptingClass (11ms)
	initialDomainReloadingComplete (42ms)
	LoadAllAssembliesAndSetupDomain (424ms)
		LoadAssemblies (300ms)
		RebuildTransferFunctionScriptingTraits (0ms)
		AnalyzeDomain (207ms)
			TypeCache.Refresh (202ms)
				TypeCache.ScanAssembly (192ms)
			ScanForSourceGeneratedMonoScriptInfo (2ms)
			ResolveRequiredComponents (3ms)
	FinalizeReload (1064ms)
		ReleaseScriptCaches (0ms)
		RebuildScriptCaches (0ms)
		SetupLoadedEditorAssemblies (528ms)
			LogAssemblyErrors (0ms)
			InitializePlatformSupportModulesInManaged (8ms)
			SetLoadedEditorAssemblies (4ms)
			RefreshPlugins (0ms)
			BeforeProcessingInitializeOnLoad (53ms)
			ProcessInitializeOnLoadAttributes (430ms)
			ProcessInitializeOnLoadMethodAttributes (18ms)
			AfterProcessingInitializeOnLoad (15ms)
			EditorAssembliesLoaded (0ms)
		ExecutionOrderSort2 (0ms)
		AwakeInstancesAfterBackupRestoration (6ms)
Refreshing native plugins compatible for Editor in 4.25 ms, found 2 plugins.
Preloading 0 native plugins for Editor in 0.00 ms.
Unloading 1403 Unused Serialized files (Serialized files now loaded: 0)
Unloading 15 unused Assets / (27.5 KB). Loaded Objects now: 1885.
Memory consumption went from 77.2 MB to 77.1 MB.
Total: 3.065100 ms (FindLiveObjects: 0.123500 ms CreateObjectMapping: 0.057600 ms MarkObjects: 2.852900 ms  DeleteObjects: 0.030300 ms)

Prepare: number of updated asset objects reloaded= 0
AssetImportParameters requested are different than current active one (requested -> active):
  custom:scripting/monoscript/fileName/Deck02.cs: e243a42c075c65ac07485da234f1aad3 -> df396a88cac14245c45bc1a8e101d8d4
  custom:video-encoder-webm-vp8: eb34c28f22e8b96e1ab97ce403110664 -> 
  custom:video-decoder-webm-vp8: 9c59270c3fd7afecdb556c50c9e8de78 -> 
  custom:audio-decoder-ogg-vorbis: bf7c407c2cedff20999df2af8eb42d56 -> 
  custom:SearchIndexIgnoredProperties: e643bd26f0fe6173181afceb89e7c659 -> 
  custom:container-demuxer-ogg: 62fdf1f143b41e24485cea50d1cbac27 -> 
  custom:AudioImporter_EditorPlatform: d09bf68614088b80899f8185d706f6e7 -> 
  custom:CustomObjectIndexerAttribute: 756ad292c208cfabdd7b50bc23989ffe -> 
  custom:container-demuxer-webm: 4f35f7cbe854078d1ac9338744f61a02 -> 
  custom:scripting/monoscript/fileName/ScoreManager02.cs: be926a2aeb93809ff861b8f2008d5b5b -> 18b69b07acbfbd4d6d509bd96f6c6dba
  custom:video-codec-MediaFoundation-h265: 746d11721c4dcdbdad8f713fa42b33f4 -> 
  custom:scripting/monoscript/fileName/Utils02.cs: 282eb73c5e8e6bb53f6af0c1e457ac1f -> 337bd648eac8c4e9ef456a0a538d70c7
  custom:video-decoder-ogg-theora: a1e56fd34408186e4bbccfd4996cb3dc -> 
  custom:scripting/monoscript/fileName/FloatingScore02.cs: 56e6caaa90eba9fc03674672c18cf010 -> 4063d541676757b8980bfbe3f43de3b7
  custom:audio-encoder-webm-vorbis: bf7c407c2cedff20999df2af8eb42d56 -> 
  custom:framework-win-MediaFoundation: 216162199b28c13a410421893ffa2e32 -> 
  custom:scripting/monoscript/fileName/Scoreboard02.cs: a2e65975c1e2b4240a5f7f1e4c844cbc -> 0a665c044dc90dd6a090b4657c7a7c3c
  custom:scripting/monoscript/fileName/PT_XMLReader02.cs: 6c01fca99d1f2ee6e288ceae79f33cf2 -> a68d1fd18dca06977eb7e26f56e9fd32
  custom:scripting/monoscript/fileName/Card02.cs: d786f644a104883c7c77d5b8e697e725 -> a650a257ea17f331a0a7780ce5e71d15
  custom:container-muxer-webm: aa71ff27fc2769a1b78a27578f13a17b -> 
